mode: set
awesomeProject/sampleQuestions/Practice28-Mockery-Rest-Mongo/pkg/handler/student/student.go:19.42,21.2 1 1
awesomeProject/sampleQuestions/Practice28-Mockery-Rest-Mongo/pkg/handler/student/student.go:30.78,47.16 4 1
awesomeProject/sampleQuestions/Practice28-Mockery-Rest-Mongo/pkg/handler/student/student.go:52.2,53.32 2 1
awesomeProject/sampleQuestions/Practice28-Mockery-Rest-Mongo/pkg/handler/student/student.go:47.16,50.3 2 0
awesomeProject/sampleQuestions/Practice28-Mockery-Rest-Mongo/pkg/handler/student/student.go:57.77,63.16 6 0
awesomeProject/sampleQuestions/Practice28-Mockery-Rest-Mongo/pkg/handler/student/student.go:67.2,67.32 1 0
awesomeProject/sampleQuestions/Practice28-Mockery-Rest-Mongo/pkg/handler/student/student.go:63.16,66.3 2 0
awesomeProject/sampleQuestions/Practice28-Mockery-Rest-Mongo/pkg/handler/student/student.go:70.80,75.16 4 0
awesomeProject/sampleQuestions/Practice28-Mockery-Rest-Mongo/pkg/handler/student/student.go:79.2,79.42 1 0
awesomeProject/sampleQuestions/Practice28-Mockery-Rest-Mongo/pkg/handler/student/student.go:84.2,94.16 6 0
awesomeProject/sampleQuestions/Practice28-Mockery-Rest-Mongo/pkg/handler/student/student.go:98.2,102.8 4 0
awesomeProject/sampleQuestions/Practice28-Mockery-Rest-Mongo/pkg/handler/student/student.go:75.16,78.3 2 0
awesomeProject/sampleQuestions/Practice28-Mockery-Rest-Mongo/pkg/handler/student/student.go:79.42,82.3 2 0
awesomeProject/sampleQuestions/Practice28-Mockery-Rest-Mongo/pkg/handler/student/student.go:94.16,97.3 2 0
awesomeProject/sampleQuestions/Practice28-Mockery-Rest-Mongo/pkg/handler/student/student.go:106.80,113.16 6 0
awesomeProject/sampleQuestions/Practice28-Mockery-Rest-Mongo/pkg/handler/student/student.go:117.2,121.36 2 0
awesomeProject/sampleQuestions/Practice28-Mockery-Rest-Mongo/pkg/handler/student/student.go:113.16,116.3 2 0
awesomeProject/sampleQuestions/Practice28-Mockery-Rest-Mongo/pkg/handler/student/student.go:124.80,128.16 4 0
awesomeProject/sampleQuestions/Practice28-Mockery-Rest-Mongo/pkg/handler/student/student.go:132.2,136.16 5 0
awesomeProject/sampleQuestions/Practice28-Mockery-Rest-Mongo/pkg/handler/student/student.go:140.2,142.16 3 0
awesomeProject/sampleQuestions/Practice28-Mockery-Rest-Mongo/pkg/handler/student/student.go:146.2,146.32 1 0
awesomeProject/sampleQuestions/Practice28-Mockery-Rest-Mongo/pkg/handler/student/student.go:128.16,131.3 2 0
awesomeProject/sampleQuestions/Practice28-Mockery-Rest-Mongo/pkg/handler/student/student.go:136.16,139.3 2 0
awesomeProject/sampleQuestions/Practice28-Mockery-Rest-Mongo/pkg/handler/student/student.go:142.16,145.3 2 0
awesomeProject/sampleQuestions/Practice28-Mockery-Rest-Mongo/pkg/handler/student/student.go:149.72,152.16 3 0
awesomeProject/sampleQuestions/Practice28-Mockery-Rest-Mongo/pkg/handler/student/student.go:157.2,159.53 2 0
awesomeProject/sampleQuestions/Practice28-Mockery-Rest-Mongo/pkg/handler/student/student.go:164.2,176.16 5 0
awesomeProject/sampleQuestions/Practice28-Mockery-Rest-Mongo/pkg/handler/student/student.go:181.2,186.5 1 0
awesomeProject/sampleQuestions/Practice28-Mockery-Rest-Mongo/pkg/handler/student/student.go:152.16,155.3 2 0
awesomeProject/sampleQuestions/Practice28-Mockery-Rest-Mongo/pkg/handler/student/student.go:159.53,162.3 2 0
awesomeProject/sampleQuestions/Practice28-Mockery-Rest-Mongo/pkg/handler/student/student.go:176.16,179.3 2 0
awesomeProject/sampleQuestions/Practice28-Mockery-Rest-Mongo/pkg/handler/student/student.go:190.71,192.16 2 0
awesomeProject/sampleQuestions/Practice28-Mockery-Rest-Mongo/pkg/handler/student/student.go:201.2,206.43 3 0
awesomeProject/sampleQuestions/Practice28-Mockery-Rest-Mongo/pkg/handler/student/student.go:210.2,210.16 1 0
awesomeProject/sampleQuestions/Practice28-Mockery-Rest-Mongo/pkg/handler/student/student.go:219.2,219.16 1 0
awesomeProject/sampleQuestions/Practice28-Mockery-Rest-Mongo/pkg/handler/student/student.go:224.2,224.60 1 0
awesomeProject/sampleQuestions/Practice28-Mockery-Rest-Mongo/pkg/handler/student/student.go:192.16,193.30 1 0
awesomeProject/sampleQuestions/Practice28-Mockery-Rest-Mongo/pkg/handler/student/student.go:197.3,198.9 2 0
awesomeProject/sampleQuestions/Practice28-Mockery-Rest-Mongo/pkg/handler/student/student.go:193.30,196.4 2 0
awesomeProject/sampleQuestions/Practice28-Mockery-Rest-Mongo/pkg/handler/student/student.go:206.43,208.4 1 0
awesomeProject/sampleQuestions/Practice28-Mockery-Rest-Mongo/pkg/handler/student/student.go:210.16,211.37 1 0
awesomeProject/sampleQuestions/Practice28-Mockery-Rest-Mongo/pkg/handler/student/student.go:215.3,216.9 2 0
awesomeProject/sampleQuestions/Practice28-Mockery-Rest-Mongo/pkg/handler/student/student.go:211.37,214.4 2 0
awesomeProject/sampleQuestions/Practice28-Mockery-Rest-Mongo/pkg/handler/student/student.go:219.16,222.3 2 0
awesomeProject/sampleQuestions/Practice28-Mockery-Rest-Mongo/pkg/handler/student/student.go:228.74,230.16 2 0
awesomeProject/sampleQuestions/Practice28-Mockery-Rest-Mongo/pkg/handler/student/student.go:239.2,244.43 3 0
awesomeProject/sampleQuestions/Practice28-Mockery-Rest-Mongo/pkg/handler/student/student.go:248.2,248.16 1 0
awesomeProject/sampleQuestions/Practice28-Mockery-Rest-Mongo/pkg/handler/student/student.go:256.2,256.16 1 0
awesomeProject/sampleQuestions/Practice28-Mockery-Rest-Mongo/pkg/handler/student/student.go:266.2,273.16 5 0
awesomeProject/sampleQuestions/Practice28-Mockery-Rest-Mongo/pkg/handler/student/student.go:278.2,283.5 1 0
awesomeProject/sampleQuestions/Practice28-Mockery-Rest-Mongo/pkg/handler/student/student.go:230.16,231.30 1 0
awesomeProject/sampleQuestions/Practice28-Mockery-Rest-Mongo/pkg/handler/student/student.go:235.3,236.9 2 0
awesomeProject/sampleQuestions/Practice28-Mockery-Rest-Mongo/pkg/handler/student/student.go:231.30,234.4 2 0
awesomeProject/sampleQuestions/Practice28-Mockery-Rest-Mongo/pkg/handler/student/student.go:244.43,246.4 1 0
awesomeProject/sampleQuestions/Practice28-Mockery-Rest-Mongo/pkg/handler/student/student.go:248.16,249.37 1 0
awesomeProject/sampleQuestions/Practice28-Mockery-Rest-Mongo/pkg/handler/student/student.go:253.3,254.9 2 0
awesomeProject/sampleQuestions/Practice28-Mockery-Rest-Mongo/pkg/handler/student/student.go:249.37,252.4 2 0
awesomeProject/sampleQuestions/Practice28-Mockery-Rest-Mongo/pkg/handler/student/student.go:256.16,259.3 2 0
awesomeProject/sampleQuestions/Practice28-Mockery-Rest-Mongo/pkg/handler/student/student.go:273.16,276.3 2 0
awesomeProject/sampleQuestions/Practice28-Mockery-Rest-Mongo/pkg/handler/student/student.go:287.41,290.43 2 0
awesomeProject/sampleQuestions/Practice28-Mockery-Rest-Mongo/pkg/handler/student/student.go:294.2,294.16 1 0
awesomeProject/sampleQuestions/Practice28-Mockery-Rest-Mongo/pkg/handler/student/student.go:303.2,303.16 1 0
awesomeProject/sampleQuestions/Practice28-Mockery-Rest-Mongo/pkg/handler/student/student.go:308.2,308.15 1 0
awesomeProject/sampleQuestions/Practice28-Mockery-Rest-Mongo/pkg/handler/student/student.go:311.2,311.13 1 0
awesomeProject/sampleQuestions/Practice28-Mockery-Rest-Mongo/pkg/handler/student/student.go:290.43,292.4 1 0
awesomeProject/sampleQuestions/Practice28-Mockery-Rest-Mongo/pkg/handler/student/student.go:294.16,295.37 1 0
awesomeProject/sampleQuestions/Practice28-Mockery-Rest-Mongo/pkg/handler/student/student.go:299.3,300.15 2 0
awesomeProject/sampleQuestions/Practice28-Mockery-Rest-Mongo/pkg/handler/student/student.go:295.37,298.4 2 0
awesomeProject/sampleQuestions/Practice28-Mockery-Rest-Mongo/pkg/handler/student/student.go:303.16,306.3 2 0
awesomeProject/sampleQuestions/Practice28-Mockery-Rest-Mongo/pkg/handler/student/student.go:308.15,310.3 1 0
